GET /
GET /
GET /
GET /
GET /
GET /
GET /
GET /
GET /
GET /
GET /Profile
GET /Personal
GET /Transaction
GET /Personal
GET /Personal
GET /
GET /
GET /Profile
GET /profile/personal
GET /Profile
GET /profile/transaction
GET /profile/transaction
GET /profile/transaction
GET /Profile
GET /
GET /Profile
GET /
GET /Profile
GET /Profile
GET /Profile
GET /Profile
GET /Profile
GET /Profile
GET /Profile
GET /Profile
GET /profile/personal
GET /Profile
GET /profile/transaction
GET /
GET /
GET /
GET /
GET /
GET /Profile
GET /profile/personal
GET /profile/personal
GET /Profile
GET /profile/personal
GET /Profile
GET /profile/transaction
GET /
GET /
GET /Profile
GET /profile/transaction
GET /profile/transaction
GET /profile/transaction
GET /profile/transaction
GET /profile/transaction
GET /profile/transaction
GET /profile/transaction
GET /
GET /
GET /
GET /
GET /
GET /
GET /
GET /
GET /
GET /
GET /
GET /
GET /
GET /
GET /
GET /
GET /
GET /
GET /
GET /
GET /
GET /
GET /
GET /
GET /
GET /
GET /Profile
GET /profile/personal
GET /Profile
GET /profile/transaction
GET /
GET /
GET /
GET /
GET /
GET /Profile
GET /profile/transaction
GET /Profile
GET /profile/personal
GET /
GET /
GET /
GET /
GET /
GET /favicon.ico
GET /
GET /
GET /Profile
GET /profile/personal
GET /Profile
GET /profile/transaction
GET /
GET /
GET /
GET /
GET /
GET /
GET /Profile
GET /profile/personal
GET /Profile
GET /profile/transaction
GET /profile/transaction
GET /profile/awards
GET /
GET /favicon.ico
GET /
